Using pre-set license
Built from '2022.3/staging' branch; Version is '2022.3.8f1 (b5eafc012955) revision 11922172'; Using compiler version '192829333'; Build Type 'Release'
OS: 'Windows 11  (10.0.22621) 64bit Core' Language: 'nl' Physical Memory: 15731 MB
BatchMode: 1, IsHumanControllingUs: 0, StartBugReporterOnCrash: 0, Is64bit: 1, IsPro: 1

COMMAND LINE ARGUMENTS:
C:\Program Files\Unity\Hub\Editor\2022.3.8f1\Editor\Unity.exe
-adb2
-batchMode
-noUpm
-name
AssetImportWorker0
-projectPath
C:/Users/Nasid/NPC Tag
-logFile
Logs/AssetImportWorker0.log
-srvPort
64771
Successfully changed project path to: C:/Users/Nasid/NPC Tag
C:/Users/Nasid/NPC Tag
[UnityMemory] Configuration Parameters - Can be set up in boot.config
    "memorysetup-bucket-allocator-granularity=16"
    "memorysetup-bucket-allocator-bucket-count=8"
    "memorysetup-bucket-allocator-block-size=33554432"
    "memorysetup-bucket-allocator-block-count=8"
    "memorysetup-main-allocator-block-size=16777216"
    "memorysetup-thread-allocator-block-size=16777216"
    "memorysetup-gfx-main-allocator-block-size=16777216"
    "memorysetup-gfx-thread-allocator-block-size=16777216"
    "memorysetup-cache-allocator-block-size=4194304"
    "memorysetup-typetree-allocator-block-size=2097152"
    "memorysetup-profiler-bucket-allocator-granularity=16"
    "memorysetup-profiler-bucket-allocator-bucket-count=8"
    "memorysetup-profiler-bucket-allocator-block-size=33554432"
    "memorysetup-profiler-bucket-allocator-block-count=8"
    "memorysetup-profiler-allocator-block-size=16777216"
    "memorysetup-profiler-editor-allocator-block-size=1048576"
    "memorysetup-temp-allocator-size-main=16777216"
    "memorysetup-job-temp-allocator-block-size=2097152"
    "memorysetup-job-temp-allocator-block-size-background=1048576"
    "memorysetup-job-temp-allocator-reduction-small-platforms=262144"
    "memorysetup-allocator-temp-initial-block-size-main=262144"
    "memorysetup-allocator-temp-initial-block-size-worker=262144"
    "memorysetup-temp-allocator-size-background-worker=32768"
    "memorysetup-temp-allocator-size-job-worker=262144"
    "memorysetup-temp-allocator-size-preload-manager=33554432"
    "memorysetup-temp-allocator-size-nav-mesh-worker=65536"
    "memorysetup-temp-allocator-size-audio-worker=65536"
    "memorysetup-temp-allocator-size-cloud-worker=32768"
    "memorysetup-temp-allocator-size-gi-baking-worker=262144"
    "memorysetup-temp-allocator-size-gfx=262144"
Player connection [7472] Host "[IP] 192.168.56.1 [Port] 0 [Flags] 2 [Guid] 4055964722 [EditorId] 4055964722 [Version] 1048832 [Id] WindowsEditor(7,hpomen15) [Debug] 1 [PackageName] WindowsEditor [ProjectName] Editor" joined multi-casting on [225.0.0.222:54997]...

Player connection [7472] Host "[IP] 192.168.56.1 [Port] 0 [Flags] 2 [Guid] 4055964722 [EditorId] 4055964722 [Version] 1048832 [Id] WindowsEditor(7,hpomen15) [Debug] 1 [PackageName] WindowsEditor [ProjectName] Editor" joined alternative multi-casting on [225.0.0.222:34997]...

[Physics::Module] Initialized MultithreadedJobDispatcher with 15 workers.
Refreshing native plugins compatible for Editor in 8.05 ms, found 3 plugins.
Preloading 0 native plugins for Editor in 0.00 ms.
Initialize engine version: 2022.3.8f1 (b5eafc012955)
[Subsystems] Discovering subsystems at path C:/Program Files/Unity/Hub/Editor/2022.3.8f1/Editor/Data/Resources/UnitySubsystems
[Subsystems] Discovering subsystems at path C:/Users/Nasid/NPC Tag/Assets
GfxDevice: creating device client; threaded=0; jobified=0
Direct3D:
    Version:  Direct3D 11.0 [level 11.1]
    Renderer: NVIDIA GeForce RTX 2060 (ID=0x1f15)
    Vendor:   NVIDIA
    VRAM:     5968 MB
    Driver:   31.0.15.3623
Initialize mono
Mono path[0] = 'C:/Program Files/Unity/Hub/Editor/2022.3.8f1/Editor/Data/Managed'
Mono path[1] = 'C:/Program Files/Unity/Hub/Editor/2022.3.8f1/Editor/Data/MonoBleedingEdge/lib/mono/unityjit-win32'
Mono config path = 'C:/Program Files/Unity/Hub/Editor/2022.3.8f1/Editor/Data/MonoBleedingEdge/etc'
Using monoOptions --debugger-agent=transport=dt_socket,embedding=1,server=y,suspend=n,address=127.0.0.1:56240
Begin MonoManager ReloadAssembly
Registering precompiled unity dll's ...
Register platform support module: C:/Program Files/Unity/Hub/Editor/2022.3.8f1/Editor/Data/PlaybackEngines/WebGLSupport/UnityEditor.WebGL.Extensions.dll
Register platform support module: C:/Program Files/Unity/Hub/Editor/2022.3.8f1/Editor/Data/PlaybackEngines/WindowsStandaloneSupport/UnityEditor.WindowsStandalone.Extensions.dll
Registered in 0.010451 seconds.
- Loaded All Assemblies, in  0.557 seconds
Native extension for WindowsStandalone target not found
Native extension for WebGL target not found
Mono: successfully reloaded assembly
- Finished resetting the current domain, in  0.382 seconds
Domain Reload Profiling: 936ms
	BeginReloadAssembly (177ms)
		ExecutionOrderSort (0ms)
		DisableScriptedObjects (0ms)
		BackupInstance (0ms)
		ReleaseScriptingObjects (0ms)
		CreateAndSetChildDomain (1ms)
	RebuildCommonClasses (51ms)
	RebuildNativeTypeToScriptingClass (13ms)
	initialDomainReloadingComplete (76ms)
	LoadAllAssembliesAndSetupDomain (235ms)
		LoadAssemblies (175ms)
		RebuildTransferFunctionScriptingTraits (0ms)
		AnalyzeDomain (232ms)
			TypeCache.Refresh (231ms)
				TypeCache.ScanAssembly (213ms)
			ScanForSourceGeneratedMonoScriptInfo (0ms)
			ResolveRequiredComponents (0ms)
	FinalizeReload (383ms)
		ReleaseScriptCaches (0ms)
		RebuildScriptCaches (0ms)
		SetupLoadedEditorAssemblies (298ms)
			LogAssemblyErrors (0ms)
			InitializePlatformSupportModulesInManaged (15ms)
			SetLoadedEditorAssemblies (6ms)
			RefreshPlugins (0ms)
			BeforeProcessingInitializeOnLoad (3ms)
			ProcessInitializeOnLoadAttributes (207ms)
			ProcessInitializeOnLoadMethodAttributes (68ms)
			AfterProcessingInitializeOnLoad (0ms)
			EditorAssembliesLoaded (0ms)
		ExecutionOrderSort2 (0ms)
		AwakeInstancesAfterBackupRestoration (0ms)
========================================================================
Worker process is ready to serve import requests
Begin MonoManager ReloadAssembly
- Loaded All Assemblies, in  0.882 seconds
Refreshing native plugins compatible for Editor in 3.64 ms, found 3 plugins.
Native extension for WindowsStandalone target not found
Native extension for WebGL target not found
Package Manager log level set to [2]
[Package Manager] Server::EnsureServerProcessIsRunning -- launch failed, reason: Unity was launched with the -noUpm command-line argument
[Package Manager] UpmClient::Send -- Unable to send message (not connected to UPM process).
[Package Manager] Cannot connect to Unity Package Manager local server
Mono: successfully reloaded assembly
- Finished resetting the current domain, in  0.756 seconds
Domain Reload Profiling: 1634ms
	BeginReloadAssembly (235ms)
		ExecutionOrderSort (0ms)
		DisableScriptedObjects (8ms)
		BackupInstance (0ms)
		ReleaseScriptingObjects (0ms)
		CreateAndSetChildDomain (40ms)
	RebuildCommonClasses (55ms)
	RebuildNativeTypeToScriptingClass (14ms)
	initialDomainReloadingComplete (62ms)
	LoadAllAssembliesAndSetupDomain (510ms)
		LoadAssemblies (405ms)
		RebuildTransferFunctionScriptingTraits (0ms)
		AnalyzeDomain (235ms)
			TypeCache.Refresh (200ms)
				TypeCache.ScanAssembly (182ms)
			ScanForSourceGeneratedMonoScriptInfo (27ms)
			ResolveRequiredComponents (7ms)
	FinalizeReload (757ms)
		ReleaseScriptCaches (0ms)
		RebuildScriptCaches (0ms)
		SetupLoadedEditorAssemblies (555ms)
			LogAssemblyErrors (0ms)
			InitializePlatformSupportModulesInManaged (12ms)
			SetLoadedEditorAssemblies (5ms)
			RefreshPlugins (0ms)
			BeforeProcessingInitializeOnLoad (73ms)
			ProcessInitializeOnLoadAttributes (427ms)
			ProcessInitializeOnLoadMethodAttributes (28ms)
			AfterProcessingInitializeOnLoad (10ms)
			EditorAssembliesLoaded (0ms)
		ExecutionOrderSort2 (0ms)
		AwakeInstancesAfterBackupRestoration (11ms)
Launched and connected shader compiler UnityShaderCompiler.exe after 0.09 seconds
Refreshing native plugins compatible for Editor in 3.71 ms, found 3 plugins.
Preloading 0 native plugins for Editor in 0.00 ms.
Unloading 3236 Unused Serialized files (Serialized files now loaded: 0)
Unloading 44 unused Assets / (129.9 KB). Loaded Objects now: 3714.
Memory consumption went from 128.0 MB to 127.9 MB.
Total: 3.274600 ms (FindLiveObjects: 0.329900 ms CreateObjectMapping: 0.109900 ms MarkObjects: 2.687600 ms  DeleteObjects: 0.145800 ms)

AssetImportParameters requested are different than current active one (requested -> active):
  custom:container-demuxer-ogg: 62fdf1f143b41e24485cea50d1cbac27 -> 
  custom:video-codec-MediaFoundation-h265: 746d11721c4dcdbdad8f713fa42b33f4 -> 
  custom:video-decoder-ogg-theora: a1e56fd34408186e4bbccfd4996cb3dc -> 
  custom:framework-win-MediaFoundation: 216162199b28c13a410421893ffa2e32 -> 
  custom:CustomObjectIndexerAttribute: 756ad292c208cfabdd7b50bc23989ffe -> 
  custom:container-demuxer-webm: 4f35f7cbe854078d1ac9338744f61a02 -> 
  custom:container-muxer-webm: aa71ff27fc2769a1b78a27578f13a17b -> 
  custom:video-decoder-webm-vp8: 9c59270c3fd7afecdb556c50c9e8de78 -> 
  custom:SearchIndexIgnoredProperties: e643bd26f0fe6173181afceb89e7c659 -> 
  custom:AudioImporter_EditorPlatform: d09bf68614088b80899f8185d706f6e7 -> 
  custom:video-encoder-webm-vp8: eb34c28f22e8b96e1ab97ce403110664 -> 
  custom:audio-decoder-ogg-vorbis: bf7c407c2cedff20999df2af8eb42d56 -> 
  custom:audio-encoder-webm-vorbis: bf7c407c2cedff20999df2af8eb42d56 -> 
========================================================================
Received Import Request.
  Time since last request: 70050.829554 seconds.
  path: Assets/4k Dirt textures/Textures/Dirt wet/Dirt wet_4K_Albedo.png
  artifactKey: Guid(d158092db5bca0e49a361562c0cc0073) Importer(815301076,1909f56bfc062723c751e8b465ee728b)
Start importing Assets/4k Dirt textures/Textures/Dirt wet/Dirt wet_4K_Albedo.png using Guid(d158092db5bca0e49a361562c0cc0073) Importer(815301076,1909f56bfc062723c751e8b465ee728b)  -> (artifact id: '95727e30504bd34f1409ba8bdba65bd4') in 0.124890 seconds
Number of updated asset objects reloaded before import = 0
Number of asset objects unloaded after import = 2
========================================================================
Received Import Request.
  Time since last request: 0.621621 seconds.
  path: Assets/4k Dirt textures/Textures/Dirt wet/Dirt wet_4K_Diffuse.png
  artifactKey: Guid(a49363ba21c077a4dac435f4de9105c8) Importer(815301076,1909f56bfc062723c751e8b465ee728b)
Start importing Assets/4k Dirt textures/Textures/Dirt wet/Dirt wet_4K_Diffuse.png using Guid(a49363ba21c077a4dac435f4de9105c8) Importer(815301076,1909f56bfc062723c751e8b465ee728b)  -> (artifact id: '4560d1f407520ce7ba9af485d779bd9a') in 0.084502 seconds
Number of updated asset objects reloaded before import = 0
Number of asset objects unloaded after import = 2
========================================================================
Received Import Request.
  Time since last request: 0.000033 seconds.
  path: Assets/4k Dirt textures/Textures/Dirt wet/Dirt wet_4K_Normal.png
  artifactKey: Guid(a0f7147892b79bf438ef0605cec3003a) Importer(815301076,1909f56bfc062723c751e8b465ee728b)
Start importing Assets/4k Dirt textures/Textures/Dirt wet/Dirt wet_4K_Normal.png using Guid(a0f7147892b79bf438ef0605cec3003a) Importer(815301076,1909f56bfc062723c751e8b465ee728b)  -> (artifact id: 'acb12bbd3c107bc943a801537cdb047a') in 0.093580 seconds
Number of updated asset objects reloaded before import = 0
Number of asset objects unloaded after import = 2
========================================================================
Received Import Request.
  Time since last request: 0.000047 seconds.
  path: Assets/4k Dirt textures/Textures/Dirt wet/Dirt wet_4K_Gloss.png
  artifactKey: Guid(7b16319486a10a64c9a94a5947f22a60) Importer(815301076,1909f56bfc062723c751e8b465ee728b)
Start importing Assets/4k Dirt textures/Textures/Dirt wet/Dirt wet_4K_Gloss.png using Guid(7b16319486a10a64c9a94a5947f22a60) Importer(815301076,1909f56bfc062723c751e8b465ee728b)  -> (artifact id: 'b56f27c2fd92a58e264576012e388239') in 0.039674 seconds
Number of updated asset objects reloaded before import = 0
Number of asset objects unloaded after import = 2
========================================================================
Received Import Request.
  Time since last request: 0.762514 seconds.
  path: Assets/4k Dirt textures/Textures/Dirt wet/Dirt wet_4K_Roughness.png
  artifactKey: Guid(ff85c9d03ab10164f9afe15a7acf302b) Importer(815301076,1909f56bfc062723c751e8b465ee728b)
Start importing Assets/4k Dirt textures/Textures/Dirt wet/Dirt wet_4K_Roughness.png using Guid(ff85c9d03ab10164f9afe15a7acf302b) Importer(815301076,1909f56bfc062723c751e8b465ee728b)  -> (artifact id: '0fe05e205eefbc6a9aab8c8e166cd2b6') in 0.041134 seconds
Number of updated asset objects reloaded before import = 0
Number of asset objects unloaded after import = 2
========================================================================
Received Import Request.
  Time since last request: 0.378293 seconds.
  path: Assets/4k Dirt textures/Textures/Dirt with puddles/Dirt with puddles_4K_Albedo.png
  artifactKey: Guid(d292a00af04b4b34fad9dd09a5c4018e) Importer(815301076,1909f56bfc062723c751e8b465ee728b)
Start importing Assets/4k Dirt textures/Textures/Dirt with puddles/Dirt with puddles_4K_Albedo.png using Guid(d292a00af04b4b34fad9dd09a5c4018e) Importer(815301076,1909f56bfc062723c751e8b465ee728b)  -> (artifact id: 'd05ef8b2850eb1fc386e317705d3fc6f') in 0.038745 seconds
Number of updated asset objects reloaded before import = 0
Number of asset objects unloaded after import = 2
========================================================================
Received Import Request.
  Time since last request: 0.000035 seconds.
  path: Assets/4k Dirt textures/Textures/Dirt with puddles/Dirt with puddles_4K_Displacement.exr
  artifactKey: Guid(848d468d412067445bfbc2748c9c5ee4) Importer(815301076,1909f56bfc062723c751e8b465ee728b)
Start importing Assets/4k Dirt textures/Textures/Dirt with puddles/Dirt with puddles_4K_Displacement.exr using Guid(848d468d412067445bfbc2748c9c5ee4) Importer(815301076,1909f56bfc062723c751e8b465ee728b)  -> (artifact id: 'f755f9bcd0ea3d069fc967d6edc32476') in 0.036793 seconds
Number of updated asset objects reloaded before import = 0
Number of asset objects unloaded after import = 2
========================================================================
Received Import Request.
  Time since last request: 0.042874 seconds.
  path: Assets/4k Dirt textures/Textures/Dirt with puddles/Dirt with puddles_4K_Displacement.png
  artifactKey: Guid(9aab185a2ce01ae4e87b067db892c8a0) Importer(815301076,1909f56bfc062723c751e8b465ee728b)
Start importing Assets/4k Dirt textures/Textures/Dirt with puddles/Dirt with puddles_4K_Displacement.png using Guid(9aab185a2ce01ae4e87b067db892c8a0) Importer(815301076,1909f56bfc062723c751e8b465ee728b)  -> (artifact id: '5817b9b1829a9be3260b35ec53f9f410') in 0.039352 seconds
Number of updated asset objects reloaded before import = 0
Number of asset objects unloaded after import = 2
========================================================================
Received Import Request.
  Time since last request: 0.257099 seconds.
  path: Assets/4k Dirt textures/Textures/Dirt with puddles/Dirt with puddles_4K_Metalness.png
  artifactKey: Guid(7941dd100131cf944aab89b88473bb32) Importer(815301076,1909f56bfc062723c751e8b465ee728b)
Start importing Assets/4k Dirt textures/Textures/Dirt with puddles/Dirt with puddles_4K_Metalness.png using Guid(7941dd100131cf944aab89b88473bb32) Importer(815301076,1909f56bfc062723c751e8b465ee728b)  -> (artifact id: 'c6ab6e14e22e275a36cf836d8a5ca0c5') in 0.047282 seconds
Number of updated asset objects reloaded before import = 0
Number of asset objects unloaded after import = 2
========================================================================
Received Import Request.
  Time since last request: 0.000033 seconds.
  path: Assets/4k Dirt textures/Textures/Dirt with puddles/Dirt with puddles_4K_Roughness.png
  artifactKey: Guid(8053a55bfbc06964ca7eea7d10fe5873) Importer(815301076,1909f56bfc062723c751e8b465ee728b)
Start importing Assets/4k Dirt textures/Textures/Dirt with puddles/Dirt with puddles_4K_Roughness.png using Guid(8053a55bfbc06964ca7eea7d10fe5873) Importer(815301076,1909f56bfc062723c751e8b465ee728b)  -> (artifact id: '459436124414c9dcc0c4374f22bfc5d4') in 0.035677 seconds
Number of updated asset objects reloaded before import = 0
Number of asset objects unloaded after import = 2
========================================================================
Received Import Request.
  Time since last request: 0.000027 seconds.
  path: Assets/4k Dirt textures/Textures/Dirt2 Wet/Dirt2 Wet_4K_AO.png
  artifactKey: Guid(8068702ec280713469e3861c5eab7d59) Importer(815301076,1909f56bfc062723c751e8b465ee728b)
Start importing Assets/4k Dirt textures/Textures/Dirt2 Wet/Dirt2 Wet_4K_AO.png using Guid(8068702ec280713469e3861c5eab7d59) Importer(815301076,1909f56bfc062723c751e8b465ee728b)  -> (artifact id: '5f7504cad6503d8233f9214943432e52') in 0.042980 seconds
Number of updated asset objects reloaded before import = 0
Number of asset objects unloaded after import = 2
========================================================================
Received Import Request.
  Time since last request: 0.000047 seconds.
  path: Assets/4k Dirt textures/Textures/Dirt2 Wet/Dirt2 Wet_4K_Albedo.png
  artifactKey: Guid(98d0a747a0f47f445a1a12fd4179bf50) Importer(815301076,1909f56bfc062723c751e8b465ee728b)
Start importing Assets/4k Dirt textures/Textures/Dirt2 Wet/Dirt2 Wet_4K_Albedo.png using Guid(98d0a747a0f47f445a1a12fd4179bf50) Importer(815301076,1909f56bfc062723c751e8b465ee728b)  -> (artifact id: '417f98d737590d7b455bb689e0fc3e40') in 0.038927 seconds
Number of updated asset objects reloaded before import = 0
Number of asset objects unloaded after import = 2
========================================================================
Received Import Request.
  Time since last request: 0.000034 seconds.
  path: Assets/4k Dirt textures/Textures/Dirt2 Wet/Dirt2 Wet_4K_Displacement.exr
  artifactKey: Guid(610dee5be02f4c9468ef51458144eeda) Importer(815301076,1909f56bfc062723c751e8b465ee728b)
Start importing Assets/4k Dirt textures/Textures/Dirt2 Wet/Dirt2 Wet_4K_Displacement.exr using Guid(610dee5be02f4c9468ef51458144eeda) Importer(815301076,1909f56bfc062723c751e8b465ee728b)  -> (artifact id: 'd9389afe750dab1ac21988e2a36136fb') in 0.031131 seconds
Number of updated asset objects reloaded before import = 0
Number of asset objects unloaded after import = 2
========================================================================
Received Import Request.
  Time since last request: 0.162017 seconds.
  path: Assets/4k Dirt textures/Textures/Dirt2 Wet/Dirt2 Wet_4K_Displacement.png
  artifactKey: Guid(0342f93b3abe28b4db87243a24f9d342) Importer(815301076,1909f56bfc062723c751e8b465ee728b)
Start importing Assets/4k Dirt textures/Textures/Dirt2 Wet/Dirt2 Wet_4K_Displacement.png using Guid(0342f93b3abe28b4db87243a24f9d342) Importer(815301076,1909f56bfc062723c751e8b465ee728b)  -> (artifact id: 'e9c1b900da9a3e40521eb316d296cd25') in 0.051142 seconds
Number of updated asset objects reloaded before import = 0
Number of asset objects unloaded after import = 2
========================================================================
Received Import Request.
  Time since last request: 0.000049 seconds.
  path: Assets/4k Dirt textures/Textures/Dirt2 Wet/Dirt2 Wet_4K_Metalness.png
  artifactKey: Guid(886c162baed91364b89af90744f04f0d) Importer(815301076,1909f56bfc062723c751e8b465ee728b)
Start importing Assets/4k Dirt textures/Textures/Dirt2 Wet/Dirt2 Wet_4K_Metalness.png using Guid(886c162baed91364b89af90744f04f0d) Importer(815301076,1909f56bfc062723c751e8b465ee728b)  -> (artifact id: '2c88d5b8de07815ccdf0772695037423') in 0.041322 seconds
Number of updated asset objects reloaded before import = 0
Number of asset objects unloaded after import = 2
========================================================================
Received Import Request.
  Time since last request: 0.016009 seconds.
  path: Assets/4k Dirt textures/Textures/Dirt2 Wet/Dirt2 Wet_4K_Roughness.png
  artifactKey: Guid(9d33c8ffc0be4cb4496f770c1c4e163c) Importer(815301076,1909f56bfc062723c751e8b465ee728b)
Start importing Assets/4k Dirt textures/Textures/Dirt2 Wet/Dirt2 Wet_4K_Roughness.png using Guid(9d33c8ffc0be4cb4496f770c1c4e163c) Importer(815301076,1909f56bfc062723c751e8b465ee728b)  -> (artifact id: '27de7837d0e2a9d8e632a963f8806239') in 0.050042 seconds
Number of updated asset objects reloaded before import = 0
Number of asset objects unloaded after import = 2
========================================================================
Received Import Request.
  Time since last request: 0.000040 seconds.
  path: Assets/4k Dirt textures/Textures/Dirt2 with puddles/Dirt2 with puddles_4K_AO.png
  artifactKey: Guid(b43121ce0f6c8194fb94ed7fb97f455a) Importer(815301076,1909f56bfc062723c751e8b465ee728b)
Start importing Assets/4k Dirt textures/Textures/Dirt2 with puddles/Dirt2 with puddles_4K_AO.png using Guid(b43121ce0f6c8194fb94ed7fb97f455a) Importer(815301076,1909f56bfc062723c751e8b465ee728b)  -> (artifact id: '84ed6eb66b95331e032ee3716eddeec1') in 0.041563 seconds
Number of updated asset objects reloaded before import = 0
Number of asset objects unloaded after import = 2
========================================================================
Received Import Request.
  Time since last request: 0.135490 seconds.
  path: Assets/4k Dirt textures/Textures/Dirt2 with puddles/Dirt2 with puddles_4K_Diffuse.png
  artifactKey: Guid(2c695af191698ea489a80b5f895e5238) Importer(815301076,1909f56bfc062723c751e8b465ee728b)
Start importing Assets/4k Dirt textures/Textures/Dirt2 with puddles/Dirt2 with puddles_4K_Diffuse.png using Guid(2c695af191698ea489a80b5f895e5238) Importer(815301076,1909f56bfc062723c751e8b465ee728b)  -> (artifact id: 'b8e01f07a0ccf132f1152b98eddedb06') in 0.049771 seconds
Number of updated asset objects reloaded before import = 0
Number of asset objects unloaded after import = 2
========================================================================
Received Import Request.
  Time since last request: 0.000042 seconds.
  path: Assets/4k Dirt textures/Textures/Dirt2 with puddles/Dirt2 with puddles_4K_Displacement.png
  artifactKey: Guid(587addc5f897b7e4b950cde429ac574d) Importer(815301076,1909f56bfc062723c751e8b465ee728b)
Start importing Assets/4k Dirt textures/Textures/Dirt2 with puddles/Dirt2 with puddles_4K_Displacement.png using Guid(587addc5f897b7e4b950cde429ac574d) Importer(815301076,1909f56bfc062723c751e8b465ee728b)  -> (artifact id: 'f3a057183759e0cab56d0c3c115c48c6') in 0.046751 seconds
Number of updated asset objects reloaded before import = 0
Number of asset objects unloaded after import = 2
========================================================================
Received Import Request.
  Time since last request: 0.000054 seconds.
  path: Assets/4k Dirt textures/Textures/Dirt2 with puddles/Dirt2 with puddles_4K_Specular.png
  artifactKey: Guid(66902bcaf7d343e48add7738c1cc3455) Importer(815301076,1909f56bfc062723c751e8b465ee728b)
Start importing Assets/4k Dirt textures/Textures/Dirt2 with puddles/Dirt2 with puddles_4K_Specular.png using Guid(66902bcaf7d343e48add7738c1cc3455) Importer(815301076,1909f56bfc062723c751e8b465ee728b)  -> (artifact id: 'ee520c947f19e9fce0e87613ed5539d0') in 0.043007 seconds
Number of updated asset objects reloaded before import = 0
Number of asset objects unloaded after import = 2
========================================================================
Received Import Request.
  Time since last request: 0.000040 seconds.
  path: Assets/4k Dirt textures/Textures/Dirt2 with puddles/Dirt2 with puddles_4K_Normal.png
  artifactKey: Guid(35e90b419df89db4ebf2c93a2f2824ab) Importer(815301076,1909f56bfc062723c751e8b465ee728b)
Start importing Assets/4k Dirt textures/Textures/Dirt2 with puddles/Dirt2 with puddles_4K_Normal.png using Guid(35e90b419df89db4ebf2c93a2f2824ab) Importer(815301076,1909f56bfc062723c751e8b465ee728b)  -> (artifact id: 'bde7e10c233102913cdb7934ea8f4eed') in 0.043086 seconds
Number of updated asset objects reloaded before import = 0
Number of asset objects unloaded after import = 2
========================================================================
Received Import Request.
  Time since last request: 0.000046 seconds.
  path: Assets/4k Dirt textures/Textures/Dirt2/Dirt2_4K_AO.png
  artifactKey: Guid(f948c2b6f68d5e44ab3fdfbafffc7699) Importer(815301076,1909f56bfc062723c751e8b465ee728b)
Start importing Assets/4k Dirt textures/Textures/Dirt2/Dirt2_4K_AO.png using Guid(f948c2b6f68d5e44ab3fdfbafffc7699) Importer(815301076,1909f56bfc062723c751e8b465ee728b)  -> (artifact id: '794004836e5776880f9480c8ebd6d4b4') in 0.034763 seconds
Number of updated asset objects reloaded before import = 0
Number of asset objects unloaded after import = 2
========================================================================
Received Import Request.
  Time since last request: 0.049209 seconds.
  path: Assets/4k Dirt textures/Textures/Dirt2/Dirt2_4K_Diffuse.png
  artifactKey: Guid(1ae37a8c81a243743bcaafd43b9416fc) Importer(815301076,1909f56bfc062723c751e8b465ee728b)
Start importing Assets/4k Dirt textures/Textures/Dirt2/Dirt2_4K_Diffuse.png using Guid(1ae37a8c81a243743bcaafd43b9416fc) Importer(815301076,1909f56bfc062723c751e8b465ee728b)  -> (artifact id: 'd50591062b1736635d86010ad5da0cb6') in 0.050027 seconds
Number of updated asset objects reloaded before import = 0
Number of asset objects unloaded after import = 2
========================================================================
Received Import Request.
  Time since last request: 0.729170 seconds.
  path: Assets/4k Dirt textures/Textures/Dirt2/Dirt2_4K_Displacement.png
  artifactKey: Guid(5b354c9f5bc344c48ac4d5b0ca697e54) Importer(815301076,1909f56bfc062723c751e8b465ee728b)
Start importing Assets/4k Dirt textures/Textures/Dirt2/Dirt2_4K_Displacement.png using Guid(5b354c9f5bc344c48ac4d5b0ca697e54) Importer(815301076,1909f56bfc062723c751e8b465ee728b)  -> (artifact id: '32b7a0753bff058e27aef277766bd24f') in 0.057123 seconds
Number of updated asset objects reloaded before import = 0
Number of asset objects unloaded after import = 2
========================================================================
Received Import Request.
  Time since last request: 0.000073 seconds.
  path: Assets/4k Dirt textures/Textures/Dirt2 with puddles/Preview.png
  artifactKey: Guid(6224f1ad9c51ad546acfb285aa93b2e1) Importer(815301076,1909f56bfc062723c751e8b465ee728b)
Start importing Assets/4k Dirt textures/Textures/Dirt2 with puddles/Preview.png using Guid(6224f1ad9c51ad546acfb285aa93b2e1) Importer(815301076,1909f56bfc062723c751e8b465ee728b)  -> (artifact id: 'cdd1372ea802a37825f2a900e5256386') in 0.019730 seconds
Number of updated asset objects reloaded before import = 0
Number of asset objects unloaded after import = 2
========================================================================
Received Import Request.
  Time since last request: 0.000029 seconds.
  path: Assets/4k Dirt textures/Textures/Dirt/Dirt_4K_Specular.png
  artifactKey: Guid(3f5ea7f459d6d3040be7ffc8e6d15782) Importer(815301076,1909f56bfc062723c751e8b465ee728b)
Start importing Assets/4k Dirt textures/Textures/Dirt/Dirt_4K_Specular.png using Guid(3f5ea7f459d6d3040be7ffc8e6d15782) Importer(815301076,1909f56bfc062723c751e8b465ee728b)  -> (artifact id: '9217ede178cdee3a07408efda43e1514') in 0.040957 seconds
Number of updated asset objects reloaded before import = 0
Number of asset objects unloaded after import = 2
========================================================================
Received Import Request.
  Time since last request: 0.000051 seconds.
  path: Assets/4k Dirt textures/Textures/Dirt with puddles/Preview.png
  artifactKey: Guid(8b107cc61a2d9854c9370ce609a00582) Importer(815301076,1909f56bfc062723c751e8b465ee728b)
Start importing Assets/4k Dirt textures/Textures/Dirt with puddles/Preview.png using Guid(8b107cc61a2d9854c9370ce609a00582) Importer(815301076,1909f56bfc062723c751e8b465ee728b)  -> (artifact id: '1c094c42bcc4142a3a6ac34797f54829') in 0.021373 seconds
Number of updated asset objects reloaded before import = 0
Number of asset objects unloaded after import = 2
========================================================================
Received Import Request.
  Time since last request: 0.000059 seconds.
  path: Assets/4k Dirt textures/Textures/Dirt2/Dirt2_4K_Specular.png
  artifactKey: Guid(b07f640ca81ae76458affd0384beadbd) Importer(815301076,1909f56bfc062723c751e8b465ee728b)
Start importing Assets/4k Dirt textures/Textures/Dirt2/Dirt2_4K_Specular.png using Guid(b07f640ca81ae76458affd0384beadbd) Importer(815301076,1909f56bfc062723c751e8b465ee728b)  -> (artifact id: '40cb6bc39151f133d6fe8ed58bc3f9ec') in 0.043389 seconds
Number of updated asset objects reloaded before import = 0
Number of asset objects unloaded after import = 2
========================================================================
Received Import Request.
  Time since last request: 0.000058 seconds.
  path: Assets/4k Dirt textures/Textures/Dirt2/Dirt2_4K_Gloss.png
  artifactKey: Guid(ea8c9292ea2d9374eb4277577ee6b01e) Importer(815301076,1909f56bfc062723c751e8b465ee728b)
Start importing Assets/4k Dirt textures/Textures/Dirt2/Dirt2_4K_Gloss.png using Guid(ea8c9292ea2d9374eb4277577ee6b01e) Importer(815301076,1909f56bfc062723c751e8b465ee728b)  -> (artifact id: 'a8ce0533d07b04d5718d0fc99e8e0547') in 0.037043 seconds
Number of updated asset objects reloaded before import = 0
Number of asset objects unloaded after import = 2
========================================================================
Received Prepare
Begin MonoManager ReloadAssembly
- Loaded All Assemblies, in  0.702 seconds
Refreshing native plugins compatible for Editor in 3.83 ms, found 3 plugins.
Native extension for WindowsStandalone target not found
Native extension for WebGL target not found
[Package Manager] Server::EnsureServerProcessIsRunning -- launch failed, reason: Unity was launched with the -noUpm command-line argument
[Package Manager] UpmClient::Send -- Unable to send message (not connected to UPM process).
[Package Manager] Cannot connect to Unity Package Manager local server
Mono: successfully reloaded assembly
- Finished resetting the current domain, in  1.348 seconds
Domain Reload Profiling: 2044ms
	BeginReloadAssembly (233ms)
		ExecutionOrderSort (0ms)
		DisableScriptedObjects (5ms)
		BackupInstance (0ms)
		ReleaseScriptingObjects (0ms)
		CreateAndSetChildDomain (54ms)
	RebuildCommonClasses (63ms)
	RebuildNativeTypeToScriptingClass (17ms)
	initialDomainReloadingComplete (43ms)
	LoadAllAssembliesAndSetupDomain (339ms)
		LoadAssemblies (458ms)
		RebuildTransferFunctionScriptingTraits (0ms)
		AnalyzeDomain (13ms)
			TypeCache.Refresh (7ms)
				TypeCache.ScanAssembly (0ms)
			ScanForSourceGeneratedMonoScriptInfo (0ms)
			ResolveRequiredComponents (5ms)
	FinalizeReload (1349ms)
		ReleaseScriptCaches (0ms)
		RebuildScriptCaches (0ms)
		SetupLoadedEditorAssemblies (584ms)
			LogAssemblyErrors (0ms)
			InitializePlatformSupportModulesInManaged (10ms)
			SetLoadedEditorAssemblies (4ms)
			RefreshPlugins (0ms)
			BeforeProcessingInitializeOnLoad (87ms)
			ProcessInitializeOnLoadAttributes (448ms)
			ProcessInitializeOnLoadMethodAttributes (24ms)
			AfterProcessingInitializeOnLoad (10ms)
			EditorAssembliesLoaded (0ms)
		ExecutionOrderSort2 (0ms)
		AwakeInstancesAfterBackupRestoration (10ms)
Refreshing native plugins compatible for Editor in 6.18 ms, found 3 plugins.
Preloading 0 native plugins for Editor in 0.00 ms.
Unloading 3227 Unused Serialized files (Serialized files now loaded: 0)
Unloading 23 unused Assets / (101.7 KB). Loaded Objects now: 3735.
Memory consumption went from 131.0 MB to 130.9 MB.
Total: 4.666500 ms (FindLiveObjects: 0.522100 ms CreateObjectMapping: 0.127400 ms MarkObjects: 3.918800 ms  DeleteObjects: 0.096100 ms)

Prepare: number of updated asset objects reloaded= 0
AssetImportParameters requested are different than current active one (requested -> active):
  custom:container-demuxer-ogg: 62fdf1f143b41e24485cea50d1cbac27 -> 
  custom:video-codec-MediaFoundation-h265: 746d11721c4dcdbdad8f713fa42b33f4 -> 
  custom:video-decoder-ogg-theora: a1e56fd34408186e4bbccfd4996cb3dc -> 
  custom:framework-win-MediaFoundation: 216162199b28c13a410421893ffa2e32 -> 
  custom:CustomObjectIndexerAttribute: 756ad292c208cfabdd7b50bc23989ffe -> 
  custom:container-demuxer-webm: 4f35f7cbe854078d1ac9338744f61a02 -> 
  custom:container-muxer-webm: aa71ff27fc2769a1b78a27578f13a17b -> 
  custom:video-decoder-webm-vp8: 9c59270c3fd7afecdb556c50c9e8de78 -> 
  custom:SearchIndexIgnoredProperties: e643bd26f0fe6173181afceb89e7c659 -> 
  custom:AudioImporter_EditorPlatform: d09bf68614088b80899f8185d706f6e7 -> 
  custom:video-encoder-webm-vp8: eb34c28f22e8b96e1ab97ce403110664 -> 
  custom:audio-decoder-ogg-vorbis: bf7c407c2cedff20999df2af8eb42d56 -> 
  custom:audio-encoder-webm-vorbis: bf7c407c2cedff20999df2af8eb42d56 -> 
Editor requested this worker to shutdown with reason: Scaling down because of idle timeout
TcpMessagingSession - receive error: operation aborted. errorcode: 995, details: De I/O-bewerking is afgebroken vanwege het afsluiten van een thread of vanwege een opdracht van een toepassing.
AssetImportWorker is now disconnected from the server
Process exiting
Exiting without the bug reporter. Application will terminate with return code 0